<?xml version="1.0" encoding="UTF-8"?>
<testsuite xmlns:xsi="http://www.w3.org/2001/XMLSchema-instance" xsi:noNamespaceSchemaLocation="https://maven.apache.org/surefire/maven-surefire-plugin/xsd/surefire-test-report-3.0.xsd" version="3.0" name="com.example.HelloWorldTest" time="2.676" tests="1" errors="0" skipped="0" failures="0">
  <properties>
[...]
</properties>
  <testcase name="testGreeting" classname="com.example.HelloWorldTest" time="0.082">
    <system-out><![CDATA[[2025-03-17 17:43:32,299] [INFO] [akka.event.slf4j.Slf4jLogger] [HelloWorldTest-akka.actor.default-dispatcher-4] [] - Slf4jLogger started
[2025-03-17 17:43:32,335] [WARN] [akka.actor.ActorSystemImpl] [HelloWorldTest-akka.actor.default-dispatcher-4] [akka.actor.ActorSystemImpl(HelloWorldTest)] - Dev use only. Free keys at https://akka.io/key
[2025-03-17 17:43:32,678] [INFO] [com.example.HelloWorld] [HelloWorldTest-akka.actor.default-dispatcher-5] [akka://HelloWorldTest/user/$a] - Hello Santa!
]]></system-out>
  </testcase>
</testsuite>